{"D:\\School\\Szakdoga\\Project\\SavePointFrontend\\src\\components\\GameCard.tsx": {"path":"D:\\School\\Szakdoga\\Project\\SavePointFrontend\\src\\components\\GameCard.tsx","statementMap":{"0":{"start":{"line":9,"column":42},"end":{"line":61,"column":null}},"1":{"start":{"line":10,"column":36},"end":{"line":10,"column":null}},"2":{"start":{"line":12,"column":26},"end":{"line":14,"column":null}},"3":{"start":{"line":13,"column":4},"end":{"line":13,"column":null}},"4":{"start":{"line":16,"column":2},"end":{"line":59,"column":null}},"5":{"start":{"line":29,"column":31},"end":{"line":29,"column":null}},"6":{"start":{"line":30,"column":16},"end":{"line":30,"column":null}},"7":{"start":{"line":57,"column":23},"end":{"line":57,"column":null}}},"fnMap":{"0":{"name":"(anonymous_0)","decl":{"start":{"line":9,"column":42},"end":{"line":9,"column":43}},"loc":{"start":{"line":9,"column":56},"end":{"line":61,"column":null}},"line":9},"1":{"name":"(anonymous_1)","decl":{"start":{"line":12,"column":26},"end":{"line":12,"column":32}},"loc":{"start":{"line":12,"column":32},"end":{"line":14,"column":null}},"line":12},"2":{"name":"(anonymous_2)","decl":{"start":{"line":28,"column":23},"end":{"line":28,"column":24}},"loc":{"start":{"line":28,"column":30},"end":{"line":31,"column":null}},"line":28},"3":{"name":"(anonymous_3)","decl":{"start":{"line":57,"column":17},"end":{"line":57,"column":23}},"loc":{"start":{"line":57,"column":23},"end":{"line":57,"column":null}},"line":57}},"branchMap":{"0":{"loc":{"start":{"line":25,"column":19},"end":{"line":25,"column":null}},"type":"binary-expr","locations":[{"start":{"line":25,"column":19},"end":{"line":25,"column":36}},{"start":{"line":25,"column":36},"end":{"line":25,"column":null}}],"line":25},"1":{"loc":{"start":{"line":44,"column":17},"end":{"line":44,"column":null}},"type":"cond-expr","locations":[{"start":{"line":44,"column":31},"end":{"line":44,"column":64}},{"start":{"line":44,"column":64},"end":{"line":44,"column":null}}],"line":44}},"s":{"0":1,"1":7,"2":7,"3":1,"4":7,"5":0,"6":0,"7":0},"f":{"0":7,"1":1,"2":0,"3":0},"b":{"0":[7,1],"1":[6,1]},"meta":{"lastBranch":2,"lastFunction":4,"lastStatement":8,"seen":{"s:9:42:61:Infinity":0,"f:9:42:9:43":0,"s:10:36:10:Infinity":1,"s:12:26:14:Infinity":2,"f:12:26:12:32":1,"s:13:4:13:Infinity":3,"s:16:2:59:Infinity":4,"b:25:19:25:36:25:36:25:Infinity":0,"f:28:23:28:24":2,"s:29:31:29:Infinity":5,"s:30:16:30:Infinity":6,"b:44:31:44:64:44:64:44:Infinity":1,"f:57:17:57:23":3,"s:57:23:57:Infinity":7}}}
,"D:\\School\\Szakdoga\\Project\\SavePointFrontend\\src\\components\\LoginModal.tsx": {"path":"D:\\School\\Szakdoga\\Project\\SavePointFrontend\\src\\components\\LoginModal.tsx","statementMap":{"0":{"start":{"line":12,"column":46},"end":{"line":225,"column":null}},"1":{"start":{"line":13,"column":16},"end":{"line":13,"column":null}},"2":{"start":{"line":14,"column":27},"end":{"line":18,"column":null}},"3":{"start":{"line":20,"column":30},"end":{"line":20,"column":null}},"4":{"start":{"line":21,"column":26},"end":{"line":21,"column":null}},"5":{"start":{"line":22,"column":28},"end":{"line":22,"column":null}},"6":{"start":{"line":23,"column":38},"end":{"line":23,"column":null}},"7":{"start":{"line":25,"column":22},"end":{"line":29,"column":null}},"8":{"start":{"line":26,"column":4},"end":{"line":26,"column":null}},"9":{"start":{"line":27,"column":4},"end":{"line":27,"column":null}},"10":{"start":{"line":28,"column":4},"end":{"line":28,"column":null}},"11":{"start":{"line":31,"column":28},"end":{"line":37,"column":null}},"12":{"start":{"line":32,"column":43},"end":{"line":32,"column":null}},"13":{"start":{"line":33,"column":4},"end":{"line":36,"column":null}},"14":{"start":{"line":33,"column":25},"end":{"line":36,"column":6}},"15":{"start":{"line":39,"column":23},"end":{"line":81,"column":null}},"16":{"start":{"line":40,"column":4},"end":{"line":40,"column":null}},"17":{"start":{"line":41,"column":4},"end":{"line":41,"column":null}},"18":{"start":{"line":42,"column":4},"end":{"line":42,"column":null}},"19":{"start":{"line":44,"column":4},"end":{"line":80,"column":null}},"20":{"start":{"line":45,"column":23},"end":{"line":52,"column":null}},"21":{"start":{"line":54,"column":19},"end":{"line":54,"column":null}},"22":{"start":{"line":56,"column":6},"end":{"line":74,"column":null}},"23":{"start":{"line":57,"column":8},"end":{"line":57,"column":null}},"24":{"start":{"line":58,"column":8},"end":{"line":58,"column":null}},"25":{"start":{"line":59,"column":8},"end":{"line":61,"column":null}},"26":{"start":{"line":60,"column":10},"end":{"line":60,"column":null}},"27":{"start":{"line":63,"column":8},"end":{"line":73,"column":null}},"28":{"start":{"line":64,"column":10},"end":{"line":64,"column":null}},"29":{"start":{"line":65,"column":8},"end":{"line":73,"column":null}},"30":{"start":{"line":66,"column":45},"end":{"line":66,"column":null}},"31":{"start":{"line":67,"column":10},"end":{"line":71,"column":null}},"32":{"start":{"line":68,"column":12},"end":{"line":70,"column":null}},"33":{"start":{"line":69,"column":14},"end":{"line":69,"column":null}},"34":{"start":{"line":72,"column":10},"end":{"line":72,"column":null}},"35":{"start":{"line":76,"column":6},"end":{"line":76,"column":null}},"36":{"start":{"line":77,"column":6},"end":{"line":77,"column":null}},"37":{"start":{"line":79,"column":6},"end":{"line":79,"column":null}},"38":{"start":{"line":83,"column":2},"end":{"line":83,"column":null}},"39":{"start":{"line":83,"column":15},"end":{"line":83,"column":null}},"40":{"start":{"line":85,"column":2},"end":{"line":223,"column":null}},"41":{"start":{"line":130,"column":31},"end":{"line":130,"column":null}},"42":{"start":{"line":163,"column":18},"end":{"line":163,"column":null}},"43":{"start":{"line":195,"column":18},"end":{"line":198,"column":null}},"44":{"start":{"line":196,"column":20},"end":{"line":196,"column":null}},"45":{"start":{"line":197,"column":20},"end":{"line":197,"column":null}}},"fnMap":{"0":{"name":"(anonymous_0)","decl":{"start":{"line":12,"column":46},"end":{"line":12,"column":47}},"loc":{"start":{"line":12,"column":107},"end":{"line":225,"column":null}},"line":12},"1":{"name":"(anonymous_1)","decl":{"start":{"line":25,"column":22},"end":{"line":25,"column":28}},"loc":{"start":{"line":25,"column":28},"end":{"line":29,"column":null}},"line":25},"2":{"name":"(anonymous_2)","decl":{"start":{"line":31,"column":28},"end":{"line":31,"column":29}},"loc":{"start":{"line":31,"column":72},"end":{"line":37,"column":null}},"line":31},"3":{"name":"(anonymous_3)","decl":{"start":{"line":33,"column":16},"end":{"line":33,"column":25}},"loc":{"start":{"line":33,"column":25},"end":{"line":36,"column":6}},"line":33},"4":{"name":"(anonymous_4)","decl":{"start":{"line":39,"column":23},"end":{"line":39,"column":30}},"loc":{"start":{"line":39,"column":53},"end":{"line":81,"column":null}},"line":39},"5":{"name":"(anonymous_5)","decl":{"start":{"line":67,"column":45},"end":{"line":67,"column":46}},"loc":{"start":{"line":67,"column":66},"end":{"line":71,"column":11}},"line":67},"6":{"name":"(anonymous_6)","decl":{"start":{"line":130,"column":25},"end":{"line":130,"column":31}},"loc":{"start":{"line":130,"column":31},"end":{"line":130,"column":null}},"line":130},"7":{"name":"(anonymous_7)","decl":{"start":{"line":162,"column":28},"end":{"line":162,"column":29}},"loc":{"start":{"line":163,"column":18},"end":{"line":163,"column":null}},"line":163},"8":{"name":"(anonymous_8)","decl":{"start":{"line":194,"column":25},"end":{"line":194,"column":31}},"loc":{"start":{"line":194,"column":31},"end":{"line":199,"column":null}},"line":194}},"branchMap":{"0":{"loc":{"start":{"line":35,"column":14},"end":{"line":35,"column":null}},"type":"cond-expr","locations":[{"start":{"line":35,"column":36},"end":{"line":35,"column":46}},{"start":{"line":35,"column":46},"end":{"line":35,"column":null}}],"line":35},"1":{"loc":{"start":{"line":56,"column":6},"end":{"line":74,"column":null}},"type":"if","locations":[{"start":{"line":56,"column":6},"end":{"line":74,"column":null}},{"start":{"line":62,"column":13},"end":{"line":74,"column":null}}],"line":56},"2":{"loc":{"start":{"line":59,"column":8},"end":{"line":61,"column":null}},"type":"if","locations":[{"start":{"line":59,"column":8},"end":{"line":61,"column":null}},{"start":{},"end":{}}],"line":59},"3":{"loc":{"start":{"line":63,"column":8},"end":{"line":73,"column":null}},"type":"if","locations":[{"start":{"line":63,"column":8},"end":{"line":73,"column":null}},{"start":{"line":65,"column":8},"end":{"line":73,"column":null}}],"line":63},"4":{"loc":{"start":{"line":65,"column":8},"end":{"line":73,"column":null}},"type":"if","locations":[{"start":{"line":65,"column":8},"end":{"line":73,"column":null}},{"start":{},"end":{}}],"line":65},"5":{"loc":{"start":{"line":68,"column":12},"end":{"line":70,"column":null}},"type":"if","locations":[{"start":{"line":68,"column":12},"end":{"line":70,"column":null}},{"start":{},"end":{}}],"line":68},"6":{"loc":{"start":{"line":83,"column":2},"end":{"line":83,"column":null}},"type":"if","locations":[{"start":{"line":83,"column":2},"end":{"line":83,"column":null}},{"start":{},"end":{}}],"line":83},"7":{"loc":{"start":{"line":121,"column":22},"end":{"line":121,"column":null}},"type":"cond-expr","locations":[{"start":{"line":121,"column":37},"end":{"line":121,"column":46}},{"start":{"line":121,"column":46},"end":{"line":121,"column":null}}],"line":121},"8":{"loc":{"start":{"line":133,"column":17},"end":{"line":133,"column":null}},"type":"cond-expr","locations":[{"start":{"line":133,"column":32},"end":{"line":133,"column":55}},{"start":{"line":133,"column":55},"end":{"line":133,"column":null}}],"line":133},"9":{"loc":{"start":{"line":156,"column":11},"end":{"line":166,"column":null}},"type":"binary-expr","locations":[{"start":{"line":156,"column":11},"end":{"line":156,"column":null}},{"start":{"line":157,"column":12},"end":{"line":166,"column":null}}],"line":156},"10":{"loc":{"start":{"line":175,"column":13},"end":{"line":181,"column":null}},"type":"cond-expr","locations":[{"start":{"line":176,"column":14},"end":{"line":179,"column":null}},{"start":{"line":181,"column":14},"end":{"line":181,"column":null}}],"line":175},"11":{"loc":{"start":{"line":195,"column":18},"end":{"line":198,"column":null}},"type":"if","locations":[{"start":{"line":195,"column":18},"end":{"line":198,"column":null}},{"start":{},"end":{}}],"line":195}},"s":{"0":1,"1":7,"2":7,"3":7,"4":7,"5":7,"6":7,"7":7,"8":1,"9":1,"10":1,"11":7,"12":0,"13":0,"14":0,"15":7,"16":0,"17":0,"18":0,"19":0,"20":0,"21":0,"22":0,"23":0,"24":0,"25":0,"26":0,"27":0,"28":0,"29":0,"30":0,"31":0,"32":0,"33":0,"34":0,"35":0,"36":0,"37":0,"38":7,"39":1,"40":6,"41":0,"42":0,"43":0,"44":0,"45":0},"f":{"0":7,"1":1,"2":0,"3":0,"4":0,"5":0,"6":0,"7":0,"8":0},"b":{"0":[0,0],"1":[0,0],"2":[0,0],"3":[0,0],"4":[0,0],"5":[0,0],"6":[1,6],"7":[0,6],"8":[0,6],"9":[7,0],"10":[0,6],"11":[0,0]},"meta":{"lastBranch":12,"lastFunction":9,"lastStatement":46,"seen":{"s:12:46:225:Infinity":0,"f:12:46:12:47":0,"s:13:16:13:Infinity":1,"s:14:27:18:Infinity":2,"s:20:30:20:Infinity":3,"s:21:26:21:Infinity":4,"s:22:28:22:Infinity":5,"s:23:38:23:Infinity":6,"s:25:22:29:Infinity":7,"f:25:22:25:28":1,"s:26:4:26:Infinity":8,"s:27:4:27:Infinity":9,"s:28:4:28:Infinity":10,"s:31:28:37:Infinity":11,"f:31:28:31:29":2,"s:32:43:32:Infinity":12,"s:33:4:36:Infinity":13,"f:33:16:33:25":3,"s:33:25:36:6":14,"b:35:36:35:46:35:46:35:Infinity":0,"s:39:23:81:Infinity":15,"f:39:23:39:30":4,"s:40:4:40:Infinity":16,"s:41:4:41:Infinity":17,"s:42:4:42:Infinity":18,"s:44:4:80:Infinity":19,"s:45:23:52:Infinity":20,"s:54:19:54:Infinity":21,"b:56:6:74:Infinity:62:13:74:Infinity":1,"s:56:6:74:Infinity":22,"s:57:8:57:Infinity":23,"s:58:8:58:Infinity":24,"b:59:8:61:Infinity:undefined:undefined:undefined:undefined":2,"s:59:8:61:Infinity":25,"s:60:10:60:Infinity":26,"b:63:8:73:Infinity:65:8:73:Infinity":3,"s:63:8:73:Infinity":27,"s:64:10:64:Infinity":28,"b:65:8:73:Infinity:undefined:undefined:undefined:undefined":4,"s:65:8:73:Infinity":29,"s:66:45:66:Infinity":30,"s:67:10:71:Infinity":31,"f:67:45:67:46":5,"b:68:12:70:Infinity:undefined:undefined:undefined:undefined":5,"s:68:12:70:Infinity":32,"s:69:14:69:Infinity":33,"s:72:10:72:Infinity":34,"s:76:6:76:Infinity":35,"s:77:6:77:Infinity":36,"s:79:6:79:Infinity":37,"b:83:2:83:Infinity:undefined:undefined:undefined:undefined":6,"s:83:2:83:Infinity":38,"s:83:15:83:Infinity":39,"s:85:2:223:Infinity":40,"b:121:37:121:46:121:46:121:Infinity":7,"f:130:25:130:31":6,"s:130:31:130:Infinity":41,"b:133:32:133:55:133:55:133:Infinity":8,"b:156:11:156:Infinity:157:12:166:Infinity":9,"f:162:28:162:29":7,"s:163:18:163:Infinity":42,"b:176:14:179:Infinity:181:14:181:Infinity":10,"f:194:25:194:31":8,"b:195:18:198:Infinity:undefined:undefined:undefined:undefined":11,"s:195:18:198:Infinity":43,"s:196:20:196:Infinity":44,"s:197:20:197:Infinity":45}}}
,"D:\\School\\Szakdoga\\Project\\SavePointFrontend\\src\\components\\Pagination.tsx": {"path":"D:\\School\\Szakdoga\\Project\\SavePointFrontend\\src\\components\\Pagination.tsx","statementMap":{"0":{"start":{"line":11,"column":46},"end":{"line":59,"column":null}},"1":{"start":{"line":18,"column":29},"end":{"line":24,"column":null}},"2":{"start":{"line":19,"column":4},"end":{"line":19,"column":null}},"3":{"start":{"line":20,"column":4},"end":{"line":20,"column":null}},"4":{"start":{"line":21,"column":4},"end":{"line":23,"column":null}},"5":{"start":{"line":22,"column":6},"end":{"line":22,"column":null}},"6":{"start":{"line":26,"column":25},"end":{"line":32,"column":null}},"7":{"start":{"line":27,"column":4},"end":{"line":27,"column":null}},"8":{"start":{"line":28,"column":4},"end":{"line":28,"column":null}},"9":{"start":{"line":29,"column":4},"end":{"line":31,"column":null}},"10":{"start":{"line":30,"column":6},"end":{"line":30,"column":null}},"11":{"start":{"line":34,"column":2},"end":{"line":57,"column":null}}},"fnMap":{"0":{"name":"(anonymous_0)","decl":{"start":{"line":11,"column":46},"end":{"line":11,"column":47}},"loc":{"start":{"line":17,"column":6},"end":{"line":59,"column":null}},"line":17},"1":{"name":"(anonymous_1)","decl":{"start":{"line":18,"column":29},"end":{"line":18,"column":30}},"loc":{"start":{"line":18,"column":73},"end":{"line":24,"column":null}},"line":18},"2":{"name":"(anonymous_2)","decl":{"start":{"line":26,"column":25},"end":{"line":26,"column":26}},"loc":{"start":{"line":26,"column":69},"end":{"line":32,"column":null}},"line":26}},"branchMap":{"0":{"loc":{"start":{"line":21,"column":4},"end":{"line":23,"column":null}},"type":"if","locations":[{"start":{"line":21,"column":4},"end":{"line":23,"column":null}},{"start":{},"end":{}}],"line":21},"1":{"loc":{"start":{"line":21,"column":8},"end":{"line":21,"column":44}},"type":"binary-expr","locations":[{"start":{"line":21,"column":8},"end":{"line":21,"column":27}},{"start":{"line":21,"column":27},"end":{"line":21,"column":44}}],"line":21},"2":{"loc":{"start":{"line":29,"column":4},"end":{"line":31,"column":null}},"type":"if","locations":[{"start":{"line":29,"column":4},"end":{"line":31,"column":null}},{"start":{},"end":{}}],"line":29},"3":{"loc":{"start":{"line":29,"column":8},"end":{"line":29,"column":49}},"type":"binary-expr","locations":[{"start":{"line":29,"column":8},"end":{"line":29,"column":23}},{"start":{"line":29,"column":23},"end":{"line":29,"column":49}}],"line":29},"4":{"loc":{"start":{"line":38,"column":33},"end":{"line":38,"column":82}},"type":"cond-expr","locations":[{"start":{"line":38,"column":52},"end":{"line":38,"column":69}},{"start":{"line":38,"column":69},"end":{"line":38,"column":82}}],"line":38},"5":{"loc":{"start":{"line":51,"column":33},"end":{"line":51,"column":78}},"type":"cond-expr","locations":[{"start":{"line":51,"column":48},"end":{"line":51,"column":65}},{"start":{"line":51,"column":65},"end":{"line":51,"column":78}}],"line":51}},"s":{"0":1,"1":6,"2":1,"3":1,"4":1,"5":1,"6":6,"7":1,"8":1,"9":1,"10":1,"11":6},"f":{"0":6,"1":1,"2":1},"b":{"0":[1,0],"1":[1,1],"2":[1,0],"3":[1,1],"4":[2,4],"5":[1,5]},"meta":{"lastBranch":6,"lastFunction":3,"lastStatement":12,"seen":{"s:11:46:59:Infinity":0,"f:11:46:11:47":0,"s:18:29:24:Infinity":1,"f:18:29:18:30":1,"s:19:4:19:Infinity":2,"s:20:4:20:Infinity":3,"b:21:4:23:Infinity:undefined:undefined:undefined:undefined":0,"s:21:4:23:Infinity":4,"b:21:8:21:27:21:27:21:44":1,"s:22:6:22:Infinity":5,"s:26:25:32:Infinity":6,"f:26:25:26:26":2,"s:27:4:27:Infinity":7,"s:28:4:28:Infinity":8,"b:29:4:31:Infinity:undefined:undefined:undefined:undefined":2,"s:29:4:31:Infinity":9,"b:29:8:29:23:29:23:29:49":3,"s:30:6:30:Infinity":10,"s:34:2:57:Infinity":11,"b:38:52:38:69:38:69:38:82":4,"b:51:48:51:65:51:65:51:78":5}}}
,"D:\\School\\Szakdoga\\Project\\SavePointFrontend\\src\\contexts\\AuthContext.tsx": {"path":"D:\\School\\Szakdoga\\Project\\SavePointFrontend\\src\\contexts\\AuthContext.tsx","statementMap":{"0":{"start":{"line":21,"column":6},"end":{"line":21,"column":null}},"1":{"start":{"line":23,"column":23},"end":{"line":29,"column":null}},"2":{"start":{"line":24,"column":8},"end":{"line":24,"column":null}},"3":{"start":{"line":25,"column":2},"end":{"line":27,"column":null}},"4":{"start":{"line":26,"column":4},"end":{"line":26,"column":null}},"5":{"start":{"line":28,"column":2},"end":{"line":28,"column":null}},"6":{"start":{"line":35,"column":57},"end":{"line":92,"column":null}},"7":{"start":{"line":36,"column":22},"end":{"line":36,"column":null}},"8":{"start":{"line":37,"column":28},"end":{"line":37,"column":null}},"9":{"start":{"line":39,"column":20},"end":{"line":57,"column":null}},"10":{"start":{"line":40,"column":4},"end":{"line":56,"column":null}},"11":{"start":{"line":41,"column":23},"end":{"line":43,"column":null}},"12":{"start":{"line":45,"column":6},"end":{"line":50,"column":null}},"13":{"start":{"line":46,"column":25},"end":{"line":46,"column":null}},"14":{"start":{"line":47,"column":8},"end":{"line":47,"column":null}},"15":{"start":{"line":49,"column":8},"end":{"line":49,"column":null}},"16":{"start":{"line":52,"column":6},"end":{"line":52,"column":null}},"17":{"start":{"line":53,"column":6},"end":{"line":53,"column":null}},"18":{"start":{"line":55,"column":6},"end":{"line":55,"column":null}},"19":{"start":{"line":59,"column":16},"end":{"line":61,"column":null}},"20":{"start":{"line":60,"column":4},"end":{"line":60,"column":null}},"21":{"start":{"line":63,"column":17},"end":{"line":74,"column":null}},"22":{"start":{"line":64,"column":4},"end":{"line":73,"column":null}},"23":{"start":{"line":65,"column":6},"end":{"line":68,"column":null}},"24":{"start":{"line":70,"column":6},"end":{"line":70,"column":null}},"25":{"start":{"line":72,"column":6},"end":{"line":72,"column":null}},"26":{"start":{"line":76,"column":18},"end":{"line":76,"column":null}},"27":{"start":{"line":78,"column":2},"end":{"line":80,"column":null}},"28":{"start":{"line":79,"column":4},"end":{"line":79,"column":null}},"29":{"start":{"line":82,"column":33},"end":{"line":89,"column":null}},"30":{"start":{"line":91,"column":2},"end":{"line":91,"column":null}}},"fnMap":{"0":{"name":"(anonymous_0)","decl":{"start":{"line":23,"column":23},"end":{"line":23,"column":29}},"loc":{"start":{"line":23,"column":29},"end":{"line":29,"column":null}},"line":23},"1":{"name":"(anonymous_1)","decl":{"start":{"line":35,"column":57},"end":{"line":35,"column":58}},"loc":{"start":{"line":35,"column":75},"end":{"line":92,"column":null}},"line":35},"2":{"name":"(anonymous_2)","decl":{"start":{"line":39,"column":20},"end":{"line":39,"column":32}},"loc":{"start":{"line":39,"column":32},"end":{"line":57,"column":null}},"line":39},"3":{"name":"(anonymous_3)","decl":{"start":{"line":59,"column":16},"end":{"line":59,"column":17}},"loc":{"start":{"line":59,"column":36},"end":{"line":61,"column":null}},"line":59},"4":{"name":"(anonymous_4)","decl":{"start":{"line":63,"column":17},"end":{"line":63,"column":29}},"loc":{"start":{"line":63,"column":29},"end":{"line":74,"column":null}},"line":63},"5":{"name":"(anonymous_5)","decl":{"start":{"line":78,"column":12},"end":{"line":78,"column":18}},"loc":{"start":{"line":78,"column":18},"end":{"line":80,"column":5}},"line":78}},"branchMap":{"0":{"loc":{"start":{"line":25,"column":2},"end":{"line":27,"column":null}},"type":"if","locations":[{"start":{"line":25,"column":2},"end":{"line":27,"column":null}},{"start":{},"end":{}}],"line":25},"1":{"loc":{"start":{"line":45,"column":6},"end":{"line":50,"column":null}},"type":"if","locations":[{"start":{"line":45,"column":6},"end":{"line":50,"column":null}},{"start":{"line":48,"column":13},"end":{"line":50,"column":null}}],"line":45},"2":{"loc":{"start":{"line":76,"column":18},"end":{"line":76,"column":null}},"type":"binary-expr","locations":[{"start":{"line":76,"column":18},"end":{"line":76,"column":52}},{"start":{"line":76,"column":52},"end":{"line":76,"column":null}}],"line":76}},"s":{"0":1,"1":1,"2":7,"3":7,"4":0,"5":7,"6":1,"7":6,"8":6,"9":6,"10":4,"11":4,"12":4,"13":0,"14":0,"15":0,"16":4,"17":4,"18":4,"19":6,"20":0,"21":6,"22":0,"23":0,"24":0,"25":0,"26":6,"27":6,"28":4,"29":6,"30":6},"f":{"0":7,"1":6,"2":4,"3":0,"4":0,"5":4},"b":{"0":[0,7],"1":[0,0],"2":[6,6]},"meta":{"lastBranch":3,"lastFunction":6,"lastStatement":31,"seen":{"s:21:6:21:Infinity":0,"s:23:23:29:Infinity":1,"f:23:23:23:29":0,"s:24:8:24:Infinity":2,"b:25:2:27:Infinity:undefined:undefined:undefined:undefined":0,"s:25:2:27:Infinity":3,"s:26:4:26:Infinity":4,"s:28:2:28:Infinity":5,"s:35:57:92:Infinity":6,"f:35:57:35:58":1,"s:36:22:36:Infinity":7,"s:37:28:37:Infinity":8,"s:39:20:57:Infinity":9,"f:39:20:39:32":2,"s:40:4:56:Infinity":10,"s:41:23:43:Infinity":11,"b:45:6:50:Infinity:48:13:50:Infinity":1,"s:45:6:50:Infinity":12,"s:46:25:46:Infinity":13,"s:47:8:47:Infinity":14,"s:49:8:49:Infinity":15,"s:52:6:52:Infinity":16,"s:53:6:53:Infinity":17,"s:55:6:55:Infinity":18,"s:59:16:61:Infinity":19,"f:59:16:59:17":3,"s:60:4:60:Infinity":20,"s:63:17:74:Infinity":21,"f:63:17:63:29":4,"s:64:4:73:Infinity":22,"s:65:6:68:Infinity":23,"s:70:6:70:Infinity":24,"s:72:6:72:Infinity":25,"s:76:18:76:Infinity":26,"b:76:18:76:52:76:52:76:Infinity":2,"s:78:2:80:Infinity":27,"f:78:12:78:18":5,"s:79:4:79:Infinity":28,"s:82:33:89:Infinity":29,"s:91:2:91:Infinity":30}}}
,"D:\\School\\Szakdoga\\Project\\SavePointFrontend\\src\\contexts\\ErrorContext.tsx": {"path":"D:\\School\\Szakdoga\\Project\\SavePointFrontend\\src\\contexts\\ErrorContext.tsx","statementMap":{"0":{"start":{"line":18,"column":6},"end":{"line":18,"column":null}},"1":{"start":{"line":20,"column":24},"end":{"line":26,"column":null}},"2":{"start":{"line":21,"column":8},"end":{"line":21,"column":null}},"3":{"start":{"line":22,"column":2},"end":{"line":24,"column":null}},"4":{"start":{"line":23,"column":4},"end":{"line":23,"column":null}},"5":{"start":{"line":25,"column":2},"end":{"line":25,"column":null}},"6":{"start":{"line":32,"column":59},"end":{"line":72,"column":null}},"7":{"start":{"line":33,"column":24},"end":{"line":33,"column":null}},"8":{"start":{"line":34,"column":32},"end":{"line":34,"column":null}},"9":{"start":{"line":35,"column":24},"end":{"line":35,"column":null}},"10":{"start":{"line":37,"column":8},"end":{"line":44,"column":null}},"11":{"start":{"line":38,"column":21},"end":{"line":40,"column":null}},"12":{"start":{"line":42,"column":4},"end":{"line":42,"column":null}},"13":{"start":{"line":43,"column":4},"end":{"line":43,"column":null}},"14":{"start":{"line":46,"column":8},"end":{"line":49,"column":null}},"15":{"start":{"line":47,"column":4},"end":{"line":47,"column":null}},"16":{"start":{"line":48,"column":4},"end":{"line":48,"column":null}},"17":{"start":{"line":51,"column":8},"end":{"line":53,"column":null}},"18":{"start":{"line":52,"column":4},"end":{"line":52,"column":null}},"19":{"start":{"line":55,"column":8},"end":{"line":57,"column":null}},"20":{"start":{"line":56,"column":4},"end":{"line":56,"column":null}},"21":{"start":{"line":56,"column":19},"end":{"line":56,"column":26}},"22":{"start":{"line":59,"column":2},"end":{"line":70,"column":null}}},"fnMap":{"0":{"name":"(anonymous_0)","decl":{"start":{"line":20,"column":24},"end":{"line":20,"column":30}},"loc":{"start":{"line":20,"column":30},"end":{"line":26,"column":null}},"line":20},"1":{"name":"(anonymous_1)","decl":{"start":{"line":32,"column":59},"end":{"line":32,"column":60}},"loc":{"start":{"line":32,"column":77},"end":{"line":72,"column":null}},"line":32},"2":{"name":"(anonymous_2)","decl":{"start":{"line":37,"column":32},"end":{"line":37,"column":33}},"loc":{"start":{"line":37,"column":80},"end":{"line":44,"column":5}},"line":37},"3":{"name":"(anonymous_3)","decl":{"start":{"line":46,"column":33},"end":{"line":46,"column":39}},"loc":{"start":{"line":46,"column":39},"end":{"line":49,"column":5}},"line":46},"4":{"name":"(anonymous_4)","decl":{"start":{"line":51,"column":33},"end":{"line":51,"column":34}},"loc":{"start":{"line":51,"column":55},"end":{"line":53,"column":5}},"line":51},"5":{"name":"(anonymous_5)","decl":{"start":{"line":55,"column":39},"end":{"line":55,"column":40}},"loc":{"start":{"line":55,"column":65},"end":{"line":57,"column":5}},"line":55},"6":{"name":"(anonymous_6)","decl":{"start":{"line":56,"column":13},"end":{"line":56,"column":19}},"loc":{"start":{"line":56,"column":19},"end":{"line":56,"column":26}},"line":56}},"branchMap":{"0":{"loc":{"start":{"line":22,"column":2},"end":{"line":24,"column":null}},"type":"if","locations":[{"start":{"line":22,"column":2},"end":{"line":24,"column":null}},{"start":{},"end":{}}],"line":22},"1":{"loc":{"start":{"line":38,"column":21},"end":{"line":40,"column":null}},"type":"cond-expr","locations":[{"start":{"line":39,"column":8},"end":{"line":39,"column":null}},{"start":{"line":40,"column":8},"end":{"line":40,"column":null}}],"line":38}},"s":{"0":1,"1":1,"2":0,"3":0,"4":0,"5":0,"6":1,"7":4,"8":4,"9":4,"10":4,"11":0,"12":0,"13":0,"14":4,"15":0,"16":0,"17":4,"18":0,"19":4,"20":0,"21":0,"22":4},"f":{"0":0,"1":4,"2":0,"3":0,"4":0,"5":0,"6":0},"b":{"0":[0,0],"1":[0,0]},"meta":{"lastBranch":2,"lastFunction":7,"lastStatement":23,"seen":{"s:18:6:18:Infinity":0,"s:20:24:26:Infinity":1,"f:20:24:20:30":0,"s:21:8:21:Infinity":2,"b:22:2:24:Infinity:undefined:undefined:undefined:undefined":0,"s:22:2:24:Infinity":3,"s:23:4:23:Infinity":4,"s:25:2:25:Infinity":5,"s:32:59:72:Infinity":6,"f:32:59:32:60":1,"s:33:24:33:Infinity":7,"s:34:32:34:Infinity":8,"s:35:24:35:Infinity":9,"s:37:8:44:Infinity":10,"f:37:32:37:33":2,"s:38:21:40:Infinity":11,"b:39:8:39:Infinity:40:8:40:Infinity":1,"s:42:4:42:Infinity":12,"s:43:4:43:Infinity":13,"s:46:8:49:Infinity":14,"f:46:33:46:39":3,"s:47:4:47:Infinity":15,"s:48:4:48:Infinity":16,"s:51:8:53:Infinity":17,"f:51:33:51:34":4,"s:52:4:52:Infinity":18,"s:55:8:57:Infinity":19,"f:55:39:55:40":5,"s:56:4:56:Infinity":20,"f:56:13:56:19":6,"s:56:19:56:26":21,"s:59:2:70:Infinity":22}}}
,"D:\\School\\Szakdoga\\Project\\SavePointFrontend\\src\\services\\errorHandler.ts": {"path":"D:\\School\\Szakdoga\\Project\\SavePointFrontend\\src\\services\\errorHandler.ts","statementMap":{"0":{"start":{"line":18,"column":7},"end":{"line":18,"column":null}},"1":{"start":{"line":19,"column":2},"end":{"line":19,"column":null}},"2":{"start":{"line":20,"column":2},"end":{"line":20,"column":null}},"3":{"start":{"line":21,"column":2},"end":{"line":21,"column":null}},"4":{"start":{"line":22,"column":2},"end":{"line":22,"column":null}},"5":{"start":{"line":23,"column":2},"end":{"line":23,"column":null}},"6":{"start":{"line":24,"column":2},"end":{"line":24,"column":null}},"7":{"start":{"line":25,"column":2},"end":{"line":25,"column":null}},"8":{"start":{"line":26,"column":2},"end":{"line":26,"column":null}},"9":{"start":{"line":27,"column":2},"end":{"line":27,"column":null}},"10":{"start":{"line":18,"column":12},"end":{"line":18,"column":null}},"11":{"start":{"line":44,"column":4},"end":{"line":44,"column":null}},"12":{"start":{"line":45,"column":4},"end":{"line":45,"column":null}},"13":{"start":{"line":46,"column":4},"end":{"line":46,"column":null}},"14":{"start":{"line":47,"column":4},"end":{"line":47,"column":null}},"15":{"start":{"line":48,"column":4},"end":{"line":48,"column":null}},"16":{"start":{"line":49,"column":4},"end":{"line":49,"column":null}},"17":{"start":{"line":53,"column":22},"end":{"line":53,"column":null}},"18":{"start":{"line":53,"column":60},"end":{"line":53,"column":87}},"19":{"start":{"line":54,"column":4},"end":{"line":60,"column":null}},"20":{"start":{"line":72,"column":4},"end":{"line":82,"column":null}},"21":{"start":{"line":73,"column":6},"end":{"line":73,"column":null}},"22":{"start":{"line":76,"column":6},"end":{"line":81,"column":null}},"23":{"start":{"line":84,"column":4},"end":{"line":84,"column":null}},"24":{"start":{"line":91,"column":4},"end":{"line":110,"column":null}},"25":{"start":{"line":93,"column":8},"end":{"line":93,"column":null}},"26":{"start":{"line":95,"column":8},"end":{"line":95,"column":null}},"27":{"start":{"line":97,"column":8},"end":{"line":97,"column":null}},"28":{"start":{"line":99,"column":8},"end":{"line":99,"column":null}},"29":{"start":{"line":101,"column":8},"end":{"line":101,"column":null}},"30":{"start":{"line":103,"column":8},"end":{"line":103,"column":null}},"31":{"start":{"line":105,"column":8},"end":{"line":105,"column":null}},"32":{"start":{"line":107,"column":8},"end":{"line":107,"column":null}},"33":{"start":{"line":109,"column":8},"end":{"line":109,"column":null}},"34":{"start":{"line":117,"column":4},"end":{"line":119,"column":null}},"35":{"start":{"line":118,"column":6},"end":{"line":118,"column":null}},"36":{"start":{"line":120,"column":4},"end":{"line":120,"column":null}},"37":{"start":{"line":127,"column":4},"end":{"line":131,"column":null}},"38":{"start":{"line":141,"column":4},"end":{"line":185,"column":null}},"39":{"start":{"line":142,"column":23},"end":{"line":149,"column":null}},"40":{"start":{"line":151,"column":6},"end":{"line":153,"column":null}},"41":{"start":{"line":152,"column":8},"end":{"line":152,"column":null}},"42":{"start":{"line":155,"column":6},"end":{"line":155,"column":null}},"43":{"start":{"line":157,"column":6},"end":{"line":159,"column":null}},"44":{"start":{"line":158,"column":8},"end":{"line":158,"column":null}},"45":{"start":{"line":162,"column":6},"end":{"line":168,"column":null}},"46":{"start":{"line":163,"column":8},"end":{"line":167,"column":null}},"47":{"start":{"line":171,"column":6},"end":{"line":177,"column":null}},"48":{"start":{"line":172,"column":8},"end":{"line":176,"column":null}},"49":{"start":{"line":180,"column":6},"end":{"line":184,"column":null}},"50":{"start":{"line":192,"column":20},"end":{"line":200,"column":null}},"51":{"start":{"line":203,"column":4},"end":{"line":203,"column":null}}},"fnMap":{"0":{"name":"(anonymous_0)","decl":{"start":{"line":18,"column":7},"end":{"line":18,"column":12}},"loc":{"start":{"line":18,"column":7},"end":{"line":18,"column":null}},"line":18},"1":{"name":"(anonymous_1)","decl":{"start":{"line":37,"column":2},"end":{"line":37,"column":null}},"loc":{"start":{"line":43,"column":4},"end":{"line":50,"column":null}},"line":43},"2":{"name":"(anonymous_2)","decl":{"start":{"line":52,"column":9},"end":{"line":52,"column":25}},"loc":{"start":{"line":52,"column":63},"end":{"line":61,"column":null}},"line":52},"3":{"name":"(anonymous_3)","decl":{"start":{"line":53,"column":52},"end":{"line":53,"column":60}},"loc":{"start":{"line":53,"column":60},"end":{"line":53,"column":87}},"line":53},"4":{"name":"(anonymous_4)","decl":{"start":{"line":69,"column":15},"end":{"line":69,"column":30}},"loc":{"start":{"line":69,"column":66},"end":{"line":85,"column":null}},"line":69},"5":{"name":"(anonymous_5)","decl":{"start":{"line":90,"column":9},"end":{"line":90,"column":32}},"loc":{"start":{"line":90,"column":57},"end":{"line":111,"column":null}},"line":90},"6":{"name":"(anonymous_6)","decl":{"start":{"line":116,"column":9},"end":{"line":116,"column":29}},"loc":{"start":{"line":116,"column":79},"end":{"line":121,"column":null}},"line":116},"7":{"name":"(anonymous_7)","decl":{"start":{"line":126,"column":9},"end":{"line":126,"column":21}},"loc":{"start":{"line":126,"column":47},"end":{"line":132,"column":null}},"line":126},"8":{"name":"(anonymous_8)","decl":{"start":{"line":137,"column":15},"end":{"line":137,"column":null}},"loc":{"start":{"line":140,"column":23},"end":{"line":186,"column":null}},"line":140},"9":{"name":"(anonymous_9)","decl":{"start":{"line":191,"column":9},"end":{"line":191,"column":18}},"loc":{"start":{"line":191,"column":59},"end":{"line":207,"column":null}},"line":191}},"branchMap":{"0":{"loc":{"start":{"line":18,"column":12},"end":{"line":18,"column":null}},"type":"binary-expr","locations":[{"start":{"line":18,"column":12},"end":{"line":18,"column":null}},{"start":{"line":18,"column":12},"end":{"line":18,"column":null}}],"line":18},"1":{"loc":{"start":{"line":39,"column":4},"end":{"line":39,"column":null}},"type":"default-arg","locations":[{"start":{"line":39,"column":22},"end":{"line":39,"column":null}}],"line":39},"2":{"loc":{"start":{"line":40,"column":4},"end":{"line":40,"column":null}},"type":"default-arg","locations":[{"start":{"line":40,"column":25},"end":{"line":40,"column":null}}],"line":40},"3":{"loc":{"start":{"line":53,"column":22},"end":{"line":53,"column":null}},"type":"binary-expr","locations":[{"start":{"line":53,"column":22},"end":{"line":53,"column":92}},{"start":{"line":53,"column":92},"end":{"line":53,"column":null}}],"line":53},"4":{"loc":{"start":{"line":91,"column":4},"end":{"line":110,"column":null}},"type":"switch","locations":[{"start":{"line":92,"column":6},"end":{"line":93,"column":null}},{"start":{"line":94,"column":6},"end":{"line":95,"column":null}},{"start":{"line":96,"column":6},"end":{"line":97,"column":null}},{"start":{"line":98,"column":6},"end":{"line":99,"column":null}},{"start":{"line":100,"column":6},"end":{"line":101,"column":null}},{"start":{"line":102,"column":6},"end":{"line":103,"column":null}},{"start":{"line":104,"column":6},"end":{"line":105,"column":null}},{"start":{"line":106,"column":6},"end":{"line":107,"column":null}},{"start":{"line":108,"column":6},"end":{"line":109,"column":null}}],"line":91},"5":{"loc":{"start":{"line":117,"column":4},"end":{"line":119,"column":null}},"type":"if","locations":[{"start":{"line":117,"column":4},"end":{"line":119,"column":null}},{"start":{},"end":{}}],"line":117},"6":{"loc":{"start":{"line":117,"column":8},"end":{"line":117,"column":80}},"type":"binary-expr","locations":[{"start":{"line":117,"column":8},"end":{"line":117,"column":47}},{"start":{"line":117,"column":47},"end":{"line":117,"column":80}}],"line":117},"7":{"loc":{"start":{"line":127,"column":11},"end":{"line":131,"column":null}},"type":"binary-expr","locations":[{"start":{"line":127,"column":11},"end":{"line":131,"column":30}},{"start":{"line":131,"column":30},"end":{"line":131,"column":null}}],"line":127},"8":{"loc":{"start":{"line":139,"column":4},"end":{"line":139,"column":null}},"type":"default-arg","locations":[{"start":{"line":139,"column":27},"end":{"line":139,"column":null}}],"line":139},"9":{"loc":{"start":{"line":151,"column":6},"end":{"line":153,"column":null}},"type":"if","locations":[{"start":{"line":151,"column":6},"end":{"line":153,"column":null}},{"start":{},"end":{}}],"line":151},"10":{"loc":{"start":{"line":157,"column":6},"end":{"line":159,"column":null}},"type":"if","locations":[{"start":{"line":157,"column":6},"end":{"line":159,"column":null}},{"start":{},"end":{}}],"line":157},"11":{"loc":{"start":{"line":162,"column":6},"end":{"line":168,"column":null}},"type":"if","locations":[{"start":{"line":162,"column":6},"end":{"line":168,"column":null}},{"start":{},"end":{}}],"line":162},"12":{"loc":{"start":{"line":162,"column":10},"end":{"line":162,"column":73}},"type":"binary-expr","locations":[{"start":{"line":162,"column":10},"end":{"line":162,"column":40}},{"start":{"line":162,"column":40},"end":{"line":162,"column":73}}],"line":162},"13":{"loc":{"start":{"line":171,"column":6},"end":{"line":177,"column":null}},"type":"if","locations":[{"start":{"line":171,"column":6},"end":{"line":177,"column":null}},{"start":{},"end":{}}],"line":171},"14":{"loc":{"start":{"line":171,"column":10},"end":{"line":171,"column":65}},"type":"binary-expr","locations":[{"start":{"line":171,"column":10},"end":{"line":171,"column":36}},{"start":{"line":171,"column":36},"end":{"line":171,"column":65}}],"line":171},"15":{"loc":{"start":{"line":181,"column":8},"end":{"line":181,"column":null}},"type":"cond-expr","locations":[{"start":{"line":181,"column":33},"end":{"line":181,"column":49}},{"start":{"line":181,"column":49},"end":{"line":181,"column":null}}],"line":181}},"s":{"0":1,"1":1,"2":1,"3":1,"4":1,"5":1,"6":1,"7":1,"8":1,"9":1,"10":1,"11":0,"12":0,"13":0,"14":0,"15":0,"16":0,"17":0,"18":0,"19":0,"20":0,"21":0,"22":0,"23":0,"24":0,"25":0,"26":0,"27":0,"28":0,"29":0,"30":0,"31":0,"32":0,"33":0,"34":0,"35":0,"36":0,"37":0,"38":0,"39":0,"40":0,"41":0,"42":0,"43":0,"44":0,"45":0,"46":0,"47":0,"48":0,"49":0,"50":0,"51":0},"f":{"0":1,"1":0,"2":1,"3":0,"4":1,"5":1,"6":1,"7":1,"8":1,"9":1},"b":{"0":[1,1],"1":[0],"2":[0],"3":[0,0],"4":[0,0,0,0,0,0,0,0,0],"5":[0,0],"6":[0,0],"7":[0,0],"8":[0],"9":[0,0],"10":[0,0],"11":[0,0],"12":[0,0],"13":[0,0],"14":[0,0],"15":[0,0]},"meta":{"lastBranch":16,"lastFunction":10,"lastStatement":52,"seen":{"s:18:7:18:Infinity":0,"f:18:7:18:12":0,"s:19:2:19:Infinity":1,"s:20:2:20:Infinity":2,"s:21:2:21:Infinity":3,"s:22:2:22:Infinity":4,"s:23:2:23:Infinity":5,"s:24:2:24:Infinity":6,"s:25:2:25:Infinity":7,"s:26:2:26:Infinity":8,"s:27:2:27:Infinity":9,"s:18:12:18:Infinity":10,"b:18:12:18:Infinity:18:12:18:Infinity":0,"f:37:2:37:Infinity":1,"b:39:22:39:Infinity":1,"b:40:25:40:Infinity":2,"s:44:4:44:Infinity":11,"s:45:4:45:Infinity":12,"s:46:4:46:Infinity":13,"s:47:4:47:Infinity":14,"s:48:4:48:Infinity":15,"s:49:4:49:Infinity":16,"f:52:9:52:25":2,"s:53:22:53:Infinity":17,"b:53:22:53:92:53:92:53:Infinity":3,"f:53:52:53:60":3,"s:53:60:53:87":18,"s:54:4:60:Infinity":19,"f:69:15:69:30":4,"s:72:4:82:Infinity":20,"s:73:6:73:Infinity":21,"s:76:6:81:Infinity":22,"s:84:4:84:Infinity":23,"f:90:9:90:32":5,"b:92:6:93:Infinity:94:6:95:Infinity:96:6:97:Infinity:98:6:99:Infinity:100:6:101:Infinity:102:6:103:Infinity:104:6:105:Infinity:106:6:107:Infinity:108:6:109:Infinity":4,"s:91:4:110:Infinity":24,"s:93:8:93:Infinity":25,"s:95:8:95:Infinity":26,"s:97:8:97:Infinity":27,"s:99:8:99:Infinity":28,"s:101:8:101:Infinity":29,"s:103:8:103:Infinity":30,"s:105:8:105:Infinity":31,"s:107:8:107:Infinity":32,"s:109:8:109:Infinity":33,"f:116:9:116:29":6,"b:117:4:119:Infinity:undefined:undefined:undefined:undefined":5,"s:117:4:119:Infinity":34,"b:117:8:117:47:117:47:117:80":6,"s:118:6:118:Infinity":35,"s:120:4:120:Infinity":36,"f:126:9:126:21":7,"s:127:4:131:Infinity":37,"b:127:11:131:30:131:30:131:Infinity":7,"f:137:15:137:Infinity":8,"b:139:27:139:Infinity":8,"s:141:4:185:Infinity":38,"s:142:23:149:Infinity":39,"b:151:6:153:Infinity:undefined:undefined:undefined:undefined":9,"s:151:6:153:Infinity":40,"s:152:8:152:Infinity":41,"s:155:6:155:Infinity":42,"b:157:6:159:Infinity:undefined:undefined:undefined:undefined":10,"s:157:6:159:Infinity":43,"s:158:8:158:Infinity":44,"b:162:6:168:Infinity:undefined:undefined:undefined:undefined":11,"s:162:6:168:Infinity":45,"b:162:10:162:40:162:40:162:73":12,"s:163:8:167:Infinity":46,"b:171:6:177:Infinity:undefined:undefined:undefined:undefined":13,"s:171:6:177:Infinity":47,"b:171:10:171:36:171:36:171:65":14,"s:172:8:176:Infinity":48,"s:180:6:184:Infinity":49,"b:181:33:181:49:181:49:181:Infinity":15,"f:191:9:191:18":9,"s:192:20:200:Infinity":50,"s:203:4:203:Infinity":51}}}
}
